2021-11-02 01:25:36 -  - exec CUpdateClientPartner::SearchModulesEx
2021-11-02 01:25:36 -  - exec CUpdateClientPartner::__CollectRequestData
2021-11-02 01:25:36 -  - utf=Y&lang=ru&stable=Y&CANGZIP=Y&SUPD_DBS=MYSQL&XE=N&CLIENT_SITE=localhost&LICENSE_KEY=X&SUPD_STS=1&SUPD_URS=0&SUPD_URSA=1&TYPENC=D&CLIENT_PHPVER=7.4.21&NGINX=Y&dbv=5.7.34&instm=main%2C21.400.100%2CY%3Bvote%2C21.0.0%2CN%3Bsale%2C21.400.0%2CN%3Bui%2C21.300.0%2CN%3Blanding%2C21.300.300%2CN%3Bmobileapp%2C21.0.50%2CN%3Bform%2C21.0.0%2CN%3Bperfmon%2C21.0.0%2CN%3Bscale%2C21.0.0%2CN%3Bhighloadblock%2C21.100.0%2CN%3Bsecurity%2C21.0.0%2CN%3Btranslate%2C21.100.0%2CN%3Bbitrix.eshop%2C21.0.100%2CN%3Bpull%2C21.200.0%2CN%3Bcatalog%2C21.200.0%2CN%3Babtest%2C21.0.0%2CN%3Bsocialservices%2C21.100.0%2CN%3Bsender%2C21.100.100%2CN%3Bphotogallery%2C21.0.0%2CN%3Bblog%2C21.200.0%2CN%3Bclouds%2C21.100.0%2CN%3Bsearch%2C21.0.100%2CN%3Biblock%2C21.400.100%2CN%3Bforum%2C21.100.0%2CN%3Bsubscribe%2C21.0.0%2CN%3Bmessageservice%2C21.100.0%2CN%3Bconversion%2C21.0.0%2CN%3Breport%2C21.100.0%2CN%3Bstoreassist%2C21.0.0%2CN%3Bbitrixcloud%2C21.0.0%2CN%3Bbitrix.sitecorporate%2C15.5.0%2CN%3Bseo%2C21.300.0%2CN%3Bb24connector%2C21.0.0%2CN%3Bcurrency%2C21.100.0%2CN%3Brest%2C21.200.0%2CN%3Bfileman%2C21.200.0%2CN&search_module_id=&search_module=&search_category=7%2C14&search_type=&search_order=DESC&search_order_by=SORT&search_page=1&SUPD_SRS=RU&SUPD_CMP=N
2021-11-02 01:25:36 -  - exec CUpdateClientPartner::GetHTTPPage
2021-11-02 01:25:38 -  - TIME SearchModulesEx(request) 1.672 sec
2021-11-02 01:25:38 -  - exec CUpdateClientPartner::ParseServerData
2021-11-02 01:25:51 -  - exec CUpdateClientPartner::LoadModulesUpdates
2021-11-02 01:25:51 -  - exec CUpdateClientPartner::__CollectRequestData
2021-11-02 01:25:51 -  - utf=Y&lang=ru&stable=Y&CANGZIP=Y&SUPD_DBS=MYSQL&XE=N&CLIENT_SITE=localhost&LICENSE_KEY=X&SUPD_STS=1&SUPD_URS=0&SUPD_URSA=1&TYPENC=D&CLIENT_PHPVER=7.4.21&NGINX=Y&dbv=5.7.34&instm=main%2C21.400.100%2CY%3Bvote%2C21.0.0%2CN%3Bsale%2C21.400.0%2CN%3Bui%2C21.300.0%2CN%3Blanding%2C21.300.300%2CN%3Bmobileapp%2C21.0.50%2CN%3Bform%2C21.0.0%2CN%3Bperfmon%2C21.0.0%2CN%3Bscale%2C21.0.0%2CN%3Bhighloadblock%2C21.100.0%2CN%3Bsecurity%2C21.0.0%2CN%3Btranslate%2C21.100.0%2CN%3Bbitrix.eshop%2C21.0.100%2CN%3Bpull%2C21.200.0%2CN%3Bcatalog%2C21.200.0%2CN%3Babtest%2C21.0.0%2CN%3Bsocialservices%2C21.100.0%2CN%3Bsender%2C21.100.100%2CN%3Bphotogallery%2C21.0.0%2CN%3Bblog%2C21.200.0%2CN%3Bclouds%2C21.100.0%2CN%3Bsearch%2C21.0.100%2CN%3Biblock%2C21.400.100%2CN%3Bforum%2C21.100.0%2CN%3Bsubscribe%2C21.0.0%2CN%3Bmessageservice%2C21.100.0%2CN%3Bconversion%2C21.0.0%2CN%3Breport%2C21.100.0%2CN%3Bstoreassist%2C21.0.0%2CN%3Bbitrixcloud%2C21.0.0%2CN%3Bbitrix.sitecorporate%2C15.5.0%2CN%3Bseo%2C21.300.0%2CN%3Bb24connector%2C21.0.0%2CN%3Bcurrency%2C21.100.0%2CN%3Brest%2C21.200.0%2CN%3Bfileman%2C21.200.0%2CN&reqm=nsandrey.emptyinstall&lim=Y&SUPD_SRS=RU&SUPD_CMP=N
2021-11-02 01:25:51 -  - exec CUpdateClientPartner::GetHTTPPage
2021-11-02 01:25:51 -  - TIME LoadModulesUpdates(request) 0.366 sec
2021-11-02 01:25:51 -  - exec CUpdateClientPartner::ParseServerData
2021-11-02 01:25:51 - S - STEP
2021-11-02 01:25:51 - LM4W01 - loadModule4Wizard-Step
2021-11-02 01:25:52 -  - exec CUpdateClientPartner::LoadModulesUpdates
2021-11-02 01:25:52 -  - exec CUpdateClientPartner::ParseServerData
2021-11-02 01:25:52 -  - loadFile
2021-11-02 01:25:52 - U - RETURN
2021-11-02 01:25:52 -  - exec CUpdateClientPartner::UnGzipArchive
2021-11-02 01:25:52 -  - TIME UnGzipArchive 0.026 sec
2021-11-02 01:25:52 -  - TIME UpdateStepModules 0.022 sec
2021-11-02 01:25:52 -  - exec CUpdateClientPartner::LoadModulesUpdates
2021-11-02 01:25:52 -  - exec CUpdateClientPartner::__CollectRequestData
2021-11-02 01:25:52 -  - utf=Y&lang=ru&stable=Y&CANGZIP=Y&SUPD_DBS=MYSQL&XE=N&CLIENT_SITE=localhost&LICENSE_KEY=X&SUPD_STS=1&SUPD_URS=0&SUPD_URSA=1&TYPENC=D&CLIENT_PHPVER=7.4.21&NGINX=Y&dbv=5.7.34&instm=main%2C21.400.100%2CY%3Bvote%2C21.0.0%2CN%3Bsale%2C21.400.0%2CN%3Bui%2C21.300.0%2CN%3Blanding%2C21.300.300%2CN%3Bmobileapp%2C21.0.50%2CN%3Bform%2C21.0.0%2CN%3Bperfmon%2C21.0.0%2CN%3Bscale%2C21.0.0%2CN%3Bhighloadblock%2C21.100.0%2CN%3Bsecurity%2C21.0.0%2CN%3Btranslate%2C21.100.0%2CN%3Bbitrix.eshop%2C21.0.100%2CN%3Bpull%2C21.200.0%2CN%3Bcatalog%2C21.200.0%2CN%3Babtest%2C21.0.0%2CN%3Bsocialservices%2C21.100.0%2CN%3Bsender%2C21.100.100%2CN%3Bphotogallery%2C21.0.0%2CN%3Bblog%2C21.200.0%2CN%3Bclouds%2C21.100.0%2CN%3Bsearch%2C21.0.100%2CN%3Biblock%2C21.400.100%2CN%3Bforum%2C21.100.0%2CN%3Bsubscribe%2C21.0.0%2CN%3Bmessageservice%2C21.100.0%2CN%3Bconversion%2C21.0.0%2CN%3Breport%2C21.100.0%2CN%3Bstoreassist%2C21.0.0%2CN%3Bbitrixcloud%2C21.0.0%2CN%3Bbitrix.sitecorporate%2C15.5.0%2CN%3Bseo%2C21.300.0%2CN%3Bb24connector%2C21.0.0%2CN%3Bnsandrey.emptyinstall%2C1.0.5%2CN%3Bcurrency%2C21.100.0%2CN%3Brest%2C21.200.0%2CN%3Bfileman%2C21.200.0%2CN&reqm=nsandrey.emptyinstall&lim=Y&SUPD_SRS=RU&SUPD_CMP=N
2021-11-02 01:25:52 -  - exec CUpdateClientPartner::GetHTTPPage
2021-11-02 01:25:53 -  - TIME LoadModulesUpdates(request) 0.359 sec
2021-11-02 01:25:53 -  - exec CUpdateClientPartner::ParseServerData
2021-11-02 01:25:53 - STEP - Finish - NOUPDATES
2021-11-02 01:25:53 - LM4W03 - Finish - NOUPDATES
2021-11-02 01:26:07 -  - exec CUpdateClientPartner::__CollectRequestData
2021-11-02 01:26:07 -  - exec CUpdateClientPartner::GetHTTPPage
2021-11-02 01:26:07 -  - exec CUpdateClientPartner::ParseServerData
2021-11-02 01:26:07 -  - exec CUpdateClientPartner::GetUpdatesList
2021-11-02 01:26:07 -  - exec CUpdateClientPartner::__CollectRequestData
2021-11-02 01:26:07 -  - utf=Y&lang=ru&stable=Y&CANGZIP=Y&SUPD_DBS=MYSQL&XE=N&CLIENT_SITE=localhost&LICENSE_KEY=X&SUPD_STS=1&SUPD_URS=0&SUPD_URSA=1&TYPENC=D&CLIENT_PHPVER=7.4.21&NGINX=Y&dbv=5.7.34&instm=main%2C21.400.100%2CY%3Bvote%2C21.0.0%2CN%3Bsale%2C21.400.0%2CN%3Bui%2C21.300.0%2CN%3Blanding%2C21.300.300%2CN%3Bmobileapp%2C21.0.50%2CN%3Bform%2C21.0.0%2CN%3Bperfmon%2C21.0.0%2CN%3Bscale%2C21.0.0%2CN%3Bhighloadblock%2C21.100.0%2CN%3Bsecurity%2C21.0.0%2CN%3Btranslate%2C21.100.0%2CN%3Bbitrix.eshop%2C21.0.100%2CN%3Bpull%2C21.200.0%2CN%3Bcatalog%2C21.200.0%2CN%3Babtest%2C21.0.0%2CN%3Bsocialservices%2C21.100.0%2CN%3Bsender%2C21.100.100%2CN%3Bphotogallery%2C21.0.0%2CN%3Bblog%2C21.200.0%2CN%3Bclouds%2C21.100.0%2CN%3Bsearch%2C21.0.100%2CN%3Biblock%2C21.400.100%2CN%3Bforum%2C21.100.0%2CN%3Bsubscribe%2C21.0.0%2CN%3Bmessageservice%2C21.100.0%2CN%3Bconversion%2C21.0.0%2CN%3Breport%2C21.100.0%2CN%3Bstoreassist%2C21.0.0%2CN%3Bbitrixcloud%2C21.0.0%2CN%3Bbitrix.sitecorporate%2C15.5.0%2CN%3Bseo%2C21.300.0%2CN%3Bb24connector%2C21.0.0%2CN%3Bnsandrey.emptyinstall%2C1.0.5%2CN%3Bcurrency%2C21.100.0%2CN%3Brest%2C21.200.0%2CN%3Bfileman%2C21.200.0%2CN&reqm=bitrix.eshop%2Cbitrix.sitecorporate%2Cnsandrey.emptyinstall&fullmoduleinfo=Y&SUPD_SRS=RU&SUPD_CMP=N
2021-11-02 01:26:07 -  - exec CUpdateClientPartner::GetHTTPPage
2021-11-02 01:26:07 -  - TIME GetUpdatesList(request) 0.366 sec
2021-11-02 01:26:07 -  - exec CUpdateClientPartner::ParseServerData
2021-11-02 01:26:07 -  - exec CUpdateClientPartner::__CollectRequestData
2021-11-02 01:26:07 -  - exec CUpdateClientPartner::GetHTTPPage
2021-11-02 01:26:08 -  - exec CUpdateClientPartner::ParseServerData
2021-11-10 17:03:13 -  - exec CUpdateClientPartner::__CollectRequestData
2021-11-10 17:03:13 -  - exec CUpdateClientPartner::GetHTTPPage
2021-11-10 17:03:13 -  - exec CUpdateClientPartner::ParseServerData
2021-11-10 17:03:13 -  - exec CUpdateClientPartner::GetUpdatesList
2021-11-10 17:03:13 -  - exec CUpdateClientPartner::__CollectRequestData
2021-11-10 17:03:13 -  - utf=Y&lang=ru&stable=Y&CANGZIP=Y&SUPD_DBS=MYSQL&XE=N&CLIENT_SITE=localhost&LICENSE_KEY=X&SUPD_STS=1&SUPD_URS=0&SUPD_URSA=1&TYPENC=D&CLIENT_PHPVER=7.4.21&NGINX=Y&dbv=5.7.34&instm=main%2C21.400.100%2CY%3Bvote%2C21.0.0%2CN%3Bsale%2C21.400.0%2CN%3Bui%2C21.300.0%2CN%3Blanding%2C21.300.300%2CN%3Bmobileapp%2C21.0.50%2CN%3Bform%2C21.0.0%2CN%3Bperfmon%2C21.0.0%2CN%3Bscale%2C21.0.0%2CN%3Bhighloadblock%2C21.100.0%2CN%3Bsecurity%2C21.0.0%2CN%3Btranslate%2C21.100.0%2CN%3Bbitrix.eshop%2C21.0.100%2CN%3Bpull%2C21.200.0%2CN%3Bcatalog%2C21.200.0%2CN%3Babtest%2C21.0.0%2CN%3Bsocialservices%2C21.100.0%2CN%3Bsender%2C21.100.100%2CN%3Bphotogallery%2C21.0.0%2CN%3Bblog%2C21.200.0%2CN%3Bclouds%2C21.100.0%2CN%3Bsearch%2C21.0.100%2CN%3Biblock%2C21.400.100%2CN%3Bforum%2C21.100.0%2CN%3Bsubscribe%2C21.0.0%2CN%3Bmessageservice%2C21.100.0%2CN%3Bconversion%2C21.0.0%2CN%3Breport%2C21.100.0%2CN%3Bstoreassist%2C21.0.0%2CN%3Bbitrixcloud%2C21.0.0%2CN%3Bbitrix.sitecorporate%2C15.5.0%2CN%3Bseo%2C21.300.0%2CN%3Bb24connector%2C21.0.0%2CN%3Bnsandrey.emptyinstall%2C1.0.5%2CN%3Bcurrency%2C21.100.0%2CN%3Brest%2C21.200.0%2CN%3Bfileman%2C21.200.0%2CN&reqm=bitrix.eshop%2Cbitrix.sitecorporate%2Cnsandrey.emptyinstall&fullmoduleinfo=Y&SUPD_SRS=RU&SUPD_CMP=N
2021-11-10 17:03:13 -  - exec CUpdateClientPartner::GetHTTPPage
2021-11-10 17:03:13 -  - TIME GetUpdatesList(request) 0.325 sec
2021-11-10 17:03:13 -  - exec CUpdateClientPartner::ParseServerData
2021-11-10 17:03:13 -  - exec CUpdateClientPartner::__CollectRequestData
2021-11-10 17:03:13 -  - exec CUpdateClientPartner::GetHTTPPage
2021-11-10 17:03:14 -  - exec CUpdateClientPartner::ParseServerData
